\BOOKMARK [1][-]{section.1}{Introduction}{}% 1
\BOOKMARK [2][-]{subsection.1.1}{Motivation}{section.1}% 2
\BOOKMARK [2][-]{subsection.1.2}{Overview}{section.1}% 3
\BOOKMARK [3][-]{subsubsection.1.2.1}{History}{subsection.1.2}% 4
\BOOKMARK [3][-]{subsubsection.1.2.2}{Issue}{subsection.1.2}% 5
\BOOKMARK [1][-]{section.2}{Experiment Proposals}{}% 6
\BOOKMARK [2][-]{subsection.2.1}{Advancing Feature Maps to Early Layers}{section.2}% 7
\BOOKMARK [2][-]{subsection.2.2}{Addition of Anchor Boxes}{section.2}% 8
\BOOKMARK [2][-]{subsection.2.3}{Training Set Variation}{section.2}% 9
\BOOKMARK [2][-]{subsection.2.4}{Input Image Processing}{section.2}% 10
\BOOKMARK [1][-]{section.3}{General formatting instructions}{}% 11
\BOOKMARK [1][-]{section.4}{Headings: first level}{}% 12
\BOOKMARK [2][-]{subsection.4.1}{Headings: second level}{section.4}% 13
\BOOKMARK [3][-]{subsubsection.4.1.1}{Headings: third level}{subsection.4.1}% 14
\BOOKMARK [1][-]{section.5}{Citations, figures, tables, references}{}% 15
\BOOKMARK [2][-]{subsection.5.1}{Citations within the text}{section.5}% 16
\BOOKMARK [2][-]{subsection.5.2}{Footnotes}{section.5}% 17
\BOOKMARK [2][-]{subsection.5.3}{Figures}{section.5}% 18
\BOOKMARK [2][-]{subsection.5.4}{Tables}{section.5}% 19
\BOOKMARK [1][-]{section.6}{Final instructions}{}% 20
\BOOKMARK [1][-]{section.7}{Preparing PDF files}{}% 21
\BOOKMARK [2][-]{subsection.7.1}{Margins in LaTeX}{section.7}% 22
